  [1m[35m (601.1ms)[0m  [1m[35mCREATE DATABASE "go_camping_development" ENCODING = 'unicode'[0m
  ↳ bin/rails:9
  [1m[35m (340.6ms)[0m  [1m[35mCREATE DATABASE "go_camping_test" ENCODING = 'unicode'[0m
  ↳ bin/rails:9
  [1m[35m (1.9ms)[0m  [1m[35mCREATE DATABASE "go_camping_development" ENCODING = 'unicode'[0m
  ↳ bin/rails:9
  [1m[35m (0.8ms)[0m  [1m[35mCREATE DATABASE "go_camping_test" ENCODING = 'unicode'[0m
  ↳ bin/rails:9
  [1m[35m (42.8ms)[0m  [1m[35mCREATE TABLE "schema_migrations" ("version" character varying NOT NULL PRIMARY KEY)[0m
  ↳ bin/rails:9
  [1m[35m (4.8ms)[0m  [1m[35mCREATE TABLE "ar_internal_metadata" ("key" character varying NOT NULL PRIMARY KEY, "value" character varying, "created_at" timestamp NOT NULL, "updated_at" timestamp NOT NULL)[0m
  ↳ bin/rails:9
  [1m[35m (0.8ms)[0m  [1m[34mSELECT pg_try_advisory_lock(5063078986692347880)[0m
  ↳ bin/rails:9
  [1m[35m (1.8ms)[0m  [1m[34mSELECT "schema_migrations"."version" FROM "schema_migrations" ORDER BY "schema_migrations"."version" ASC[0m
  ↳ bin/rails:9
Migrating to CreateUsers (20190730161608)
  [1m[35m (0.2ms)[0m  [1m[35mBEGIN[0m
  ↳ bin/rails:9
  [1m[35m (6.8ms)[0m  [1m[35mCREATE TABLE "users" ("id" bigserial primary key, "fname" character varying NOT NULL, "lname" character varying NOT NULL, "email" character varying NOT NULL, "password_digest" character varying NOT NULL, "session_token" character varying NOT NULL, "zip_code" integer NOT NULL, "created_at" timestamp NOT NULL, "updated_at" timestamp NOT NULL)[0m
  ↳ db/migrate/20190730161608_create_users.rb:3
  [1m[35m (1.5ms)[0m  [1m[35mCREATE UNIQUE INDEX  "index_users_on_email" ON "users"  ("email")[0m
  ↳ db/migrate/20190730161608_create_users.rb:13
  [1m[35m (1.0ms)[0m  [1m[35mCREATE UNIQUE INDEX  "index_users_on_session_token" ON "users"  ("session_token")[0m
  ↳ db/migrate/20190730161608_create_users.rb:14
  [1m[36mActiveRecord::SchemaMigration Create (3.9ms)[0m  [1m[32mINSERT INTO "schema_migrations" ("version") VALUES ($1) RETURNING "version"[0m  [["version", "20190730161608"]]
  ↳ bin/rails:9
  [1m[35m (1.3ms)[0m  [1m[35mCOMMIT[0m
  ↳ bin/rails:9
Migrating to CreateBookings (20190730165500)
  [1m[35m (0.3ms)[0m  [1m[35mBEGIN[0m
  ↳ bin/rails:9
  [1m[35m (3.9ms)[0m  [1m[35mCREATE TABLE "bookings" ("id" bigserial primary key, "site_id" integer NOT NULL, "guest_id" integer NOT NULL, "guest_num" integer NOT NULL, "check_in" character varying NOT NULL, "check_out" character varying NOT NULL, "status" character varying NOT NULL, "created_at" timestamp NOT NULL, "updated_at" timestamp NOT NULL)[0m
  ↳ db/migrate/20190730165500_create_bookings.rb:3
  [1m[35m (1.0ms)[0m  [1m[35mCREATE  INDEX  "index_bookings_on_check_in" ON "bookings"  ("check_in")[0m
  ↳ db/migrate/20190730165500_create_bookings.rb:13
  [1m[35m (1.2ms)[0m  [1m[35mCREATE  INDEX  "index_bookings_on_check_out" ON "bookings"  ("check_out")[0m
  ↳ db/migrate/20190730165500_create_bookings.rb:14
  [1m[35m (1.4ms)[0m  [1m[35mCREATE  INDEX  "index_bookings_on_site_id" ON "bookings"  ("site_id")[0m
  ↳ db/migrate/20190730165500_create_bookings.rb:15
  [1m[35m (0.9ms)[0m  [1m[35mCREATE  INDEX  "index_bookings_on_guest_id" ON "bookings"  ("guest_id")[0m
  ↳ db/migrate/20190730165500_create_bookings.rb:16
  [1m[36mActiveRecord::SchemaMigration Create (0.3ms)[0m  [1m[32mINSERT INTO "schema_migrations" ("version") VALUES ($1) RETURNING "version"[0m  [["version", "20190730165500"]]
  ↳ bin/rails:9
  [1m[35m (0.6ms)[0m  [1m[35mCOMMIT[0m
  ↳ bin/rails:9
Migrating to CreateSites (20190730165735)
  [1m[35m (0.4ms)[0m  [1m[35mBEGIN[0m
  ↳ bin/rails:9
  [1m[35m (3.9ms)[0m  [1m[35mCREATE TABLE "sites" ("id" bigserial primary key, "title" character varying NOT NULL, "body" text NOT NULL, "host_id" integer NOT NULL, "cost" integer NOT NULL, "lat" float NOT NULL, "log" float NOT NULL, "check_in" character varying NOT NULL, "check_out" character varying NOT NULL, "guest_id" integer NOT NULL, "campfire" boolean NOT NULL, "wifi" boolean NOT NULL, "toilet" boolean NOT NULL, "shower_room" boolean NOT NULL, "guest_num" integer NOT NULL, "created_at" timestamp NOT NULL, "updated_at" timestamp NOT NULL)[0m
  ↳ db/migrate/20190730165735_create_sites.rb:3
  [1m[35m (3.7ms)[0m  [1m[35mCREATE  INDEX  "index_sites_on_check_in" ON "sites"  ("check_in")[0m
  ↳ db/migrate/20190730165735_create_sites.rb:20
  [1m[35m (1.3ms)[0m  [1m[35mCREATE  INDEX  "index_sites_on_check_out" ON "sites"  ("check_out")[0m
  ↳ db/migrate/20190730165735_create_sites.rb:21
  [1m[35m (1.0ms)[0m  [1m[35mCREATE  INDEX  "index_sites_on_host_id" ON "sites"  ("host_id")[0m
  ↳ db/migrate/20190730165735_create_sites.rb:22
  [1m[35m (0.9ms)[0m  [1m[35mCREATE  INDEX  "index_sites_on_guest_id" ON "sites"  ("guest_id")[0m
  ↳ db/migrate/20190730165735_create_sites.rb:23
  [1m[36mActiveRecord::SchemaMigration Create (0.5ms)[0m  [1m[32mINSERT INTO "schema_migrations" ("version") VALUES ($1) RETURNING "version"[0m  [["version", "20190730165735"]]
  ↳ bin/rails:9
  [1m[35m (0.6ms)[0m  [1m[35mCOMMIT[0m
  ↳ bin/rails:9
Migrating to CreateReviews (20190730165828)
  [1m[35m (1.2ms)[0m  [1m[35mBEGIN[0m
  ↳ bin/rails:9
  [1m[35m (5.8ms)[0m  [1m[35mCREATE TABLE "reviews" ("id" bigserial primary key, "body" text NOT NULL, "author_id" integer NOT NULL, "site_id" integer NOT NULL, "created_at" timestamp NOT NULL, "updated_at" timestamp NOT NULL)[0m
  ↳ db/migrate/20190730165828_create_reviews.rb:3
  [1m[35m (2.9ms)[0m  [1m[35mCREATE  INDEX  "index_reviews_on_auther_id" ON "reviews"  ("auther_id")[0m
  ↳ db/migrate/20190730165828_create_reviews.rb:10
  [1m[35m (0.2ms)[0m  [1m[31mROLLBACK[0m
  ↳ bin/rails:9
  [1m[35m (0.9ms)[0m  [1m[34mSELECT pg_advisory_unlock(5063078986692347880)[0m
  ↳ bin/rails:9
  [1m[35m (0.2ms)[0m  [1m[34mSELECT pg_try_advisory_lock(5063078986692347880)[0m
  ↳ bin/rails:9
  [1m[35m (0.8ms)[0m  [1m[34mSELECT "schema_migrations"."version" FROM "schema_migrations" ORDER BY "schema_migrations"."version" ASC[0m
  ↳ bin/rails:9
Migrating to CreateReviews (20190730165828)
  [1m[35m (0.1ms)[0m  [1m[35mBEGIN[0m
  ↳ bin/rails:9
  [1m[35m (5.3ms)[0m  [1m[35mCREATE TABLE "reviews" ("id" bigserial primary key, "body" text NOT NULL, "author_id" integer NOT NULL, "site_id" integer NOT NULL, "created_at" timestamp NOT NULL, "updated_at" timestamp NOT NULL)[0m
  ↳ db/migrate/20190730165828_create_reviews.rb:3
  [1m[35m (1.5ms)[0m  [1m[35mCREATE  INDEX  "index_reviews_on_author_id" ON "reviews"  ("author_id")[0m
  ↳ db/migrate/20190730165828_create_reviews.rb:10
  [1m[35m (1.3ms)[0m  [1m[35mCREATE  INDEX  "index_reviews_on_site_id" ON "reviews"  ("site_id")[0m
  ↳ db/migrate/20190730165828_create_reviews.rb:11
  [1m[36mActiveRecord::SchemaMigration Create (0.4ms)[0m  [1m[32mINSERT INTO "schema_migrations" ("version") VALUES ($1) RETURNING "version"[0m  [["version", "20190730165828"]]
  ↳ bin/rails:9
  [1m[35m (0.6ms)[0m  [1m[35mCOMMIT[0m
  ↳ bin/rails:9
Migrating to CreatePhotos (20190730165905)
  [1m[35m (0.3ms)[0m  [1m[35mBEGIN[0m
  ↳ bin/rails:9
  [1m[35m (4.2ms)[0m  [1m[35mCREATE TABLE "photos" ("id" bigserial primary key, "url" character varying NOT NULL, "site_id" integer NOT NULL, "created_at" timestamp NOT NULL, "updated_at" timestamp NOT NULL)[0m
  ↳ db/migrate/20190730165905_create_photos.rb:3
  [1m[35m (1.0ms)[0m  [1m[35mCREATE  INDEX  "index_photos_on_site_id" ON "photos"  ("site_id")[0m
  ↳ db/migrate/20190730165905_create_photos.rb:9
  [1m[36mActiveRecord::SchemaMigration Create (0.3ms)[0m  [1m[32mINSERT INTO "schema_migrations" ("version") VALUES ($1) RETURNING "version"[0m  [["version", "20190730165905"]]
  ↳ bin/rails:9
  [1m[35m (2.7ms)[0m  [1m[35mCOMMIT[0m
  ↳ bin/rails:9
  [1m[36mActiveRecord::InternalMetadata Load (0.6ms)[0m  [1m[34mSELECT  "ar_internal_metadata".* FROM "ar_internal_metadata" WHERE "ar_internal_metadata"."key" = $1 LIMIT $2[0m  [["key", "environment"], ["LIMIT", 1]]
  ↳ bin/rails:9
  [1m[35m (0.6ms)[0m  [1m[35mBEGIN[0m
  ↳ bin/rails:9
  [1m[36mActiveRecord::InternalMetadata Create (0.5ms)[0m  [1m[32mINSERT INTO "ar_internal_metadata" ("key", "value", "created_at", "updated_at") VALUES ($1, $2, $3, $4) RETURNING "key"[0m  [["key", "environment"], ["value", "development"], ["created_at", "2019-07-30 17:49:07.235063"], ["updated_at", "2019-07-30 17:49:07.235063"]]
  ↳ bin/rails:9
  [1m[35m (0.4ms)[0m  [1m[35mCOMMIT[0m
  ↳ bin/rails:9
  [1m[35m (0.2ms)[0m  [1m[34mSELECT pg_advisory_unlock(5063078986692347880)[0m
  ↳ bin/rails:9
  [1m[35m (0.2ms)[0m  [1m[34mSELECT "schema_migrations"."version" FROM "schema_migrations" ORDER BY "schema_migrations"."version" ASC[0m
  ↳ bin/rails:9
  [1m[35m (0.7ms)[0m  [1m[34mSELECT "schema_migrations"."version" FROM "schema_migrations" ORDER BY "schema_migrations"."version" ASC[0m
  ↳ /Users/ramkrishnabhattarai/.rbenv/versions/2.5.1/bin/annotate:23
Started GET "/" for ::1 at 2019-07-30 18:14:03 -0400
  [1m[35m (1.8ms)[0m  [1m[34mSELECT "schema_migrations"."version" FROM "schema_migrations" ORDER BY "schema_migrations"."version" ASC[0m
  ↳ /Users/ramkrishnabhattarai/.rbenv/versions/2.5.1/lib/ruby/gems/2.5.0/gems/activerecord-5.2.3/lib/active_record/log_subscriber.rb:98
Processing by StaticPagesController#root as HTML
  Rendering static_pages/root.html.erb within layouts/application
  Rendered static_pages/root.html.erb within layouts/application (1.0ms)
Completed 200 OK in 1405ms (Views: 1394.7ms | ActiveRecord: 0.0ms)


Started GET "/" for ::1 at 2019-07-30 18:14:46 -0400
Processing by StaticPagesController#root as HTML
  Rendering static_pages/root.html.erb within layouts/application
  Rendered static_pages/root.html.erb within layouts/application (0.4ms)
Completed 200 OK in 115ms (Views: 112.0ms | ActiveRecord: 0.0ms)


Started GET "/" for ::1 at 2019-07-30 18:14:47 -0400
Processing by StaticPagesController#root as HTML
  Rendering static_pages/root.html.erb within layouts/application
  Rendered static_pages/root.html.erb within layouts/application (0.3ms)
Completed 200 OK in 24ms (Views: 21.0ms | ActiveRecord: 0.0ms)


Started GET "/" for ::1 at 2019-07-30 18:18:14 -0400
Processing by StaticPagesController#root as HTML
  Rendering static_pages/root.html.erb within layouts/application
  Rendered static_pages/root.html.erb within layouts/application (0.4ms)
Completed 200 OK in 42ms (Views: 39.0ms | ActiveRecord: 0.0ms)


